match: Percentage of city population living in poverty --- Percentage of city population living in poverty_124
match: Student/teacher ratio --- Student/teacher ratio_28
match: Percentage of students completing primary education --- Percentage of students completing primary education_139
match: Percentage of students completing secondary education --- Percentage of students completing secondary education_140
match: Percentage of city population with authorized electrical service --- Percentage of city population with authorized electrical service_103
match: Greenhouse gas emissions measured in tonnes per capita --- Greenhouse gas emissions measured in tonnes per capita_121
match: PM10 Concentration --- PM10 Concentration_214
match: Number of firefighters per 100,000 population --- Number of firefighters per 100,000 population_32
match: Number of fire related deaths per 100,000 population --- Number of fire related deaths per 100,000 population_36
match: Under age five mortality per 1,000 live births --- Under age five mortality per 1,000 live births_38
match: Under age five mortality --- Under age five mortality per 1,000 live births_38
match: Number of in-patient hospital beds per 100,000 population --- Number of in-patient hospital beds per 100,000 population_40
match: Number of in-patient hospital beds --- Number of in-patient hospital beds per 100,000 population_40
match: Number of physicians per 100,000 population --- Number of physicians per 100,000 population_41
match: Number of physicians --- Number of physicians per 100,000 population_41
match: Average life expectancy --- Average life expectancy_198
match: Number of homicides per 100,000 population --- Number of homicides per 100,000 population_44
match: Number of homicides --- Number of homicides per 100,000 population_44
match: Number of police officers per 100,000 population --- Number of police officers per 100,000 population_45
match: Percentage of city population living in slums --- Percentage of city population living in slums_122
match: Percentage of city population with regular solid waste collection --- Percentage of city population with regular solid waste collection_47
match: Number of internet connections per 100,000 population --- Number of internet connections per 100,000 population_125
match: Number of internet connections --- Number of internet connections per 100,000 population_125
match: Number of cell phone connections per 100,000 population --- Number of cell phone connections per 100,000 population_177
match: Annual number of public transit trips per capita --- Annual number of public transit trips per capita_52
match: Km of high capacity public transit system per 100,000 population --- Km of high capacity public transit system per 100,000 population_200
match: Km of light passenger transit system per 100,000 population --- Km of light passenger transit system per 100,000 population_201
match: Number of personal automobiles per capita --- Number of personal automobiles per capita_202
match: Percentage of city population served by wastewater collection --- Percentage of city population served by wastewater collection_56
match: Percentage of the city's wastewater that has received no treatment --- Percentage of the city's wastewater that has received no treatment_154
match: Percentage of the city's wastewater receiving primary treatment --- Percentage of the city's wastewater receiving primary treatment_155
match: Percentage of the city's wastewater receiving secondary treatment --- Percentage of the city's wastewater receiving secondary treatment_156
match: Percentage of the city's wastewater receiving tertiary treatment --- Percentage of the city's wastewater receiving tertiary treatment_157
match: Percentage of city population with potable water supply service --- Percentage of city population with potable water supply service_59
match: Percentage of city population with sustainable access to an improved water source --- Percentage of city population with sustainable access to an improved water source_204
